#
# A fatal error has been detected by the Java Runtime Environment:
#
#  EXCEPTION_ACCESS_VIOLATION (0xc0000005) at pc=0x065743a3, pid=4140, tid=7064
#
# JRE version: Java(TM) SE Runtime Environment (8.0_31-b13) (build 1.8.0_31-b13)
# Java VM: Java HotSpot(TM) Client VM (25.31-b07 mixed mode, sharing windows-x86 )
# Problematic frame:
# C  [BUICAP32.dll+0xd43a3]
#
# Failed to write core dump. Minidumps are not enabled by default on client versions of Windows
#
# If you would like to submit a bug report, please visit:
#   http://bugreport.java.com/bugreport/crash.jsp
# The crash happened outside the Java Virtual Machine in native code.
# See problematic frame for where to report the bug.
#

---------------  T H R E A D  ---------------

Current thread (0x001ec800):  JavaThread "main" [_thread_in_native, id=7064, stack(0x00210000,0x00260000)]

siginfo: ExceptionCode=0xc0000005, writing address 0x075b1000

Registers:
EAX=0x0a396011, EBX=0x0025f484, ECX=0x000000bb, EDX=0x00000001
ESP=0x0025e29c, EBP=0x0025e2a4, ESI=0x0a395d24, EDI=0x075b1000
EIP=0x065743a3, EFLAGS=0x00010212

Top of Stack: (sp=0x0025e29c)
0x0025e29c:   00de2dd8 063209b0 0025e304 064bed24
0x0025e2ac:   075b059c 0a3952c0 00000d51 064a626d
0x0025e2bc:   0025e2cc 0025e45c 064a658e 0025e2cc
0x0025e2cc:   36353431 00000134 074b0020 000f4e78
0x0025e2dc:   0a2a0448 0a2a0020 0000025b 00000d54
0x0025e2ec:   0a2a0448 00000d51 00000000 00000d51
0x0025e2fc:   001f6cdc 0010057c 0025e44c 064aaab9
0x0025e30c:   0a2a0020 074b0020 00000004 00000001 

Instructions: (pc=0x065743a3)
0x06574383:   c6 3b fe 76 08 3b f8 0f 82 78 01 00 00 f7 c7 03
0x06574393:   00 00 00 75 14 c1 e9 02 83 e2 03 83 f9 08 72 29
0x065743a3:   f3 a5 ff 24 95 b8 44 57 06 8b c7 ba 03 00 00 00
0x065743b3:   83 e9 04 72 0c 83 e0 03 03 c8 ff 24 85 d0 43 57 


Register to memory mapping:

EAX=0x0a396011 is an unknown value
EBX=0x0025f484 is pointing into the stack for thread: 0x001ec800
ECX=0x000000bb is an unknown value
EDX=0x00000001 is an unknown value
ESP=0x0025e29c is pointing into the stack for thread: 0x001ec800
EBP=0x0025e2a4 is pointing into the stack for thread: 0x001ec800
ESI=0x0a395d24 is an unknown value
EDI=0x075b1000 is an unknown value


Stack: [0x00210000,0x00260000],  sp=0x0025e29c,  free space=312k
Native frames: (J=compiled Java code, j=interpreted, Vv=VM code, C=native code)
C  [BUICAP32.dll+0xd43a3]
C  [BUICAP32.dll+0x1ed24]
C  [BUICAP32.dll+0xaab9]
C  [BUICAP32.dll+0xd749]
C  [BUICAP32.dll+0x4df6]
C  [DCCScanner.dll+0x309b]
j  DccScan.DccScanApi.DccScanLong(Ljava/lang/String;[B[II)I+0
j  javascandemo1.JavaScanDemo1.RunBatScan2Memory()V+753
j  javascandemo1.JavaScanDemo1.main([Ljava/lang/String;)V+61
v  ~StubRoutines::call_stub
V  [jvm.dll+0x1473e5]
V  [jvm.dll+0x20d57e]
V  [jvm.dll+0x14747e]
V  [jvm.dll+0xd0c27]
V  [jvm.dll+0xd91cf]
C  [java.exe+0x20fd]
C  [java.exe+0xab91]
C  [java.exe+0xac1b]
C  [kernel32.dll+0x1338a]
C  [ntdll.dll+0x39f72]
C  [ntdll.dll+0x39f45]
C  0x00000000

Java frames: (J=compiled Java code, j=interpreted, Vv=VM code)
j  DccScan.DccScanApi.DccScanLong(Ljava/lang/String;[B[II)I+0
j  javascandemo1.JavaScanDemo1.RunBatScan2Memory()V+753
j  javascandemo1.JavaScanDemo1.main([Ljava/lang/String;)V+61
v  ~StubRoutines::call_stub

---------------  P R O C E S S  ---------------

Java Threads: ( => current thread )
  0x02445400 JavaThread "Service Thread" daemon [_thread_blocked, id=5272, stack(0x05e10000,0x05e60000)]
  0x02415000 JavaThread "C1 CompilerThread0" daemon [_thread_blocked, id=4452, stack(0x053b0000,0x05400000)]
  0x02414000 JavaThread "Attach Listener" daemon [_thread_blocked, id=4808, stack(0x05d60000,0x05db0000)]
  0x02411000 JavaThread "Signal Dispatcher" daemon [_thread_blocked, id=8352, stack(0x05b30000,0x05b80000)]
  0x023fe400 JavaThread "Finalizer" daemon [_thread_blocked, id=8468, stack(0x05c90000,0x05ce0000)]
  0x023fd000 JavaThread "Reference Handler" daemon [_thread_blocked, id=8716, stack(0x05ac0000,0x05b10000)]
=>0x001ec800 JavaThread "main" [_thread_in_native, id=7064, stack(0x00210000,0x00260000)]

Other Threads:
  0x023fac00 VMThread [stack: 0x05a10000,0x05a60000] [id=7624]
  0x02446800 WatcherThread [stack: 0x05f40000,0x05f90000] [id=2916]

VM state:not at safepoint (normal execution)

VM Mutex/Monitor currently owned by a thread: None

Heap:
 def new generation   total 4928K, used 1567K [0x0f200000, 0x0f750000, 0x14750000)
  eden space 4416K,  25% used [0x0f200000, 0x0f3155c8, 0x0f650000)
  from space 512K,  89% used [0x0f6d0000, 0x0f742900, 0x0f750000)
  to   space 512K,   0% used [0x0f650000, 0x0f650000, 0x0f6d0000)
 tenured generation   total 10944K, used 3072K [0x14750000, 0x15200000, 0x1f200000)
   the space 10944K,  28% used [0x14750000, 0x14a50030, 0x14a50200, 0x15200000)
 Metaspace       used 81K, capacity 2276K, committed 2368K, reserved 4480K

Card table byte_map: [0x02200000,0x02290000] byte_map_base: 0x02187000

Polling page: 0x00190000

CodeCache: size=32768Kb used=695Kb max_used=695Kb free=32072Kb
 bounds [0x02870000, 0x02920000, 0x04870000]
 total_blobs=166 nmethods=24 adapters=74
 compilation: enabled

Compilation events (10 events):
Event: 0.121 Thread 0x02415000   20             java.io.WinNTFileSystem::isSlash (18 bytes)
Event: 0.121 Thread 0x02415000 nmethod 20 0x02919a88 code [0x02919b80, 0x02919c30]
Event: 0.121 Thread 0x02415000   21  s          java.lang.StringBuffer::append (13 bytes)
Event: 0.122 Thread 0x02415000 nmethod 21 0x02919c88 code [0x02919d90, 0x02919fcc]
Event: 0.122 Thread 0x02415000   22             java.io.WinNTFileSystem::normalize (231 bytes)
Event: 0.123 Thread 0x02415000 nmethod 22 0x0291a148 code [0x0291a390, 0x0291b8cc]
Event: 0.147 Thread 0x02415000   23             java.lang.Math::min (11 bytes)
Event: 0.147 Thread 0x02415000 nmethod 23 0x0291d088 code [0x0291d180, 0x0291d1f0]
Event: 0.152 Thread 0x02415000   24             java.io.WinNTFileSystem::normalize (143 bytes)
Event: 0.153 Thread 0x02415000 nmethod 24 0x0291d8c8 code [0x0291da10, 0x0291dc7c]

GC Heap History (2 events):
Event: 7.040 GC heap before
{Heap before GC invocations=0 (full 0):
 def new generation   total 4928K, used 4052K [0x0f200000, 0x0f750000, 0x14750000)
  eden space 4416K,  91% used [0x0f200000, 0x0f5f52b8, 0x0f650000)
  from space 512K,   0% used [0x0f650000, 0x0f650000, 0x0f6d0000)
  to   space 512K,   0% used [0x0f6d0000, 0x0f6d0000, 0x0f750000)
 tenured generation   total 10944K, used 0K [0x14750000, 0x15200000, 0x1f200000)
   the space 10944K,   0% used [0x14750000, 0x14750000, 0x14750200, 0x15200000)
 Metaspace       used 81K, capacity 2276K, committed 2368K, reserved 4480K
Event: 7.048 GC heap after
Heap after GC invocations=1 (full 0):
 def new generation   total 4928K, used 458K [0x0f200000, 0x0f750000, 0x14750000)
  eden space 4416K,   0% used [0x0f200000, 0x0f200000, 0x0f650000)
  from space 512K,  89% used [0x0f6d0000, 0x0f742900, 0x0f750000)
  to   space 512K,   0% used [0x0f650000, 0x0f650000, 0x0f6d0000)
 tenured generation   total 10944K, used 3072K [0x14750000, 0x15200000, 0x1f200000)
   the space 10944K,  28% used [0x14750000, 0x14a50030, 0x14a50200, 0x15200000)
 Metaspace       used 81K, capacity 2276K, committed 2368K, reserved 4480K
}

Deoptimization events (0 events):
No events

Internal exceptions (4 events):
Event: 0.012 Thread 0x001ec800 Exception <a 'java/lang/NoSuchMethodError': Method sun.misc.Unsafe.defineClass(Ljava/lang/String;[BII)Ljava/lang/Class; name or signature does not match> (0x0f20ba20) thrown at [C:\re\workspace\8-2-build-windows-i586-cygwin\jdk8u31\2394\hotspot\src\share\vÙ0ü«]‰?
Event: 0.012 Thread 0x001ec800 Exception <a 'java/lang/NoSuchMethodError': Method sun.misc.Unsafe.prefetchRead(Ljava/lang/Object;J)V name or signature does not match> (0x0f20bca0) thrown at [C:\re\workspace\8-2-build-windows-i586-cygwin\jdk8u31\2394\hotspot\src\share\vm\prims\jni.cpp, lÆZƒÿ¾?
Event: 0.121 Thread 0x001ec800 Exception <a 'java/security/PrivilegedActionException'> (0x0f2bc420) thrown at [C:\re\workspace\8-2-build-windows-i586-cygwin\jdk8u31\2394\hotspot\src\share\vm\prims\jvm.cpp, line 1312]
Event: 0.144 Thread 0x001ec800 Exception <a 'java/security/PrivilegedActionException'> (0x0f2c8a00) thrown at [C:\re\workspace\8-2-build-windows-i586-cygwin\jdk8u31\2394\hotspot\src\share\vm\prims\jvm.cpp, line 1312]

Events (10 events):
Event: 0.122 loading class sun/misc/URLClassPath$FileLoader$1
Event: 0.122 loading class sun/misc/URLClassPath$FileLoader$1 done
Event: 0.139 loading class java/lang/Class$MethodArray
Event: 0.139 loading class java/lang/Class$MethodArray done
Event: 0.144 loading class DccScan/DccScanApi
Event: 0.144 loading class DccScan/DccScanApi done
Event: 4.055 Executing VM operation: EnableBiasedLocking
Event: 4.055 Executing VM operation: EnableBiasedLocking done
Event: 7.040 Executing VM operation: GenCollectForAllocation
Event: 7.048 Executing VM operation: GenCollectForAllocation done


Dynamic libraries:
0x00d80000 - 0x00db0000 	C:\Program Files (x86)\Java\jdk1.8.0_31\bin\java.exe
0x77290000 - 0x77410000 	C:\Windows\SysWOW64\ntdll.dll
0x76ca0000 - 0x76db0000 	C:\Windows\syswow64\kernel32.dll
0x75200000 - 0x75247000 	C:\Windows\syswow64\KERNELBASE.dll
0x756b0000 - 0x75750000 	C:\Windows\syswow64\ADVAPI32.dll
0x766d0000 - 0x7677c000 	C:\Windows\syswow64\msvcrt.dll
0x76e70000 - 0x76e89000 	C:\Windows\SysWOW64\sechost.dll
0x76b60000 - 0x76c50000 	C:\Windows\syswow64\RPCRT4.dll
0x74c20000 - 0x74c80000 	C:\Windows\syswow64\SspiCli.dll
0x74c10000 - 0x74c1c000 	C:\Windows\syswow64\CRYPTBASE.dll
0x75250000 - 0x75350000 	C:\Windows\syswow64\USER32.dll
0x74ff0000 - 0x75080000 	C:\Windows\syswow64\GDI32.dll
0x74dc0000 - 0x74dca000 	C:\Windows\syswow64\LPK.dll
0x76dd0000 - 0x76e6d000 	C:\Windows\syswow64\USP10.dll
0x71f40000 - 0x720de000 	C:\Windows\WinSxS\x86_microsoft.windows.common-controls_6595b64144ccf1df_6.0.7601.17514_none_41e6975e2bd6f2b2\COMCTL32.dll
0x76780000 - 0x767d7000 	C:\Windows\syswow64\SHLWAPI.dll
0x767e0000 - 0x76840000 	C:\Windows\system32\IMM32.DLL
0x74ce0000 - 0x74dac000 	C:\Windows\syswow64\MSCTF.dll
0x74aa0000 - 0x74ad5000 	C:\Windows\SysWOW64\nvinit.dll
0x0f000000 - 0x0f006000 	C:\Program Files (x86)\NVIDIA Corporation\CoProcManager\_etoured.dll
0x6e450000 - 0x6e499000 	C:\Program Files (x86)\NVIDIA Corporation\CoProcManager\nvd3d9wrap.dll
0x74e50000 - 0x74fed000 	C:\Windows\syswow64\SETUPAPI.dll
0x75350000 - 0x75377000 	C:\Windows\syswow64\CFGMGR32.dll
0x75380000 - 0x7540f000 	C:\Windows\syswow64\OLEAUT32.dll
0x75840000 - 0x7599c000 	C:\Windows\syswow64\ole32.dll
0x751d0000 - 0x751e2000 	C:\Windows\syswow64\DEVOBJ.dll
0x6e410000 - 0x6e449000 	C:\Program Files (x86)\NVIDIA Corporation\CoProcManager\nvdxgiwrap.dll
0x6a880000 - 0x6a93f000 	C:\Program Files (x86)\Java\jdk1.8.0_31\jre\bin\msvcr100.dll
0x64b20000 - 0x64ec4000 	C:\Program Files (x86)\Java\jdk1.8.0_31\jre\bin\client\jvm.dll
0x6c560000 - 0x6c567000 	C:\Windows\system32\WSOCK32.dll
0x74c90000 - 0x74cc5000 	C:\Windows\syswow64\WS2_32.dll
0x74c80000 - 0x74c86000 	C:\Windows\syswow64\NSI.dll
0x74980000 - 0x749b2000 	C:\Windows\system32\WINMM.dll
0x76c90000 - 0x76c95000 	C:\Windows\syswow64\PSAPI.DLL
0x744a0000 - 0x744ac000 	C:\Program Files (x86)\Java\jdk1.8.0_31\jre\bin\verify.dll
0x73dc0000 - 0x73de1000 	C:\Program Files (x86)\Java\jdk1.8.0_31\jre\bin\java.dll
0x74260000 - 0x74273000 	C:\Program Files (x86)\Java\jdk1.8.0_31\jre\bin\zip.dll
0x75a80000 - 0x766cb000 	C:\Windows\syswow64\SHELL32.dll
0x75a70000 - 0x75a7b000 	C:\Windows\syswow64\profapi.dll
0x6a720000 - 0x6a756000 	C:\JniDev\DemoScan\build\classes\DCCScanner.dll
0x064a0000 - 0x06642000 	C:\JniDev\DemoScan\build\classes\BUICAP32.dll
0x06650000 - 0x067c4000 	C:\JniDev\DemoScan\build\classes\Ts2Dll.dll
0x74b40000 - 0x74b49000 	C:\Windows\system32\VERSION.dll
0x74dd0000 - 0x74e4b000 	C:\Windows\syswow64\COMDLG32.dll
0x74ae0000 - 0x74b31000 	C:\Windows\system32\WINSPOOL.DRV
0x74950000 - 0x74975000 	C:\Windows\system32\PowrProf.dll
0x70b40000 - 0x70c35000 	C:\Windows\system32\PROPSYS.dll
0x708a0000 - 0x708ec000 	C:\Windows\system32\apphelp.dll
0x72190000 - 0x7227b000 	C:\Windows\system32\dbghelp.dll

VM Arguments:
jvm_args: -Dfile.encoding=UTF-8 
java_command: javascandemo1.JavaScanDemo1
java_class_path (initial): C:\Programming\Java\NetBeansProjects\JavaScanDemo1\lib\DccLibrary.jar;C:\Programming\Java\NetBeansProjects\JavaScanDemo1\build\classes
Launcher Type: SUN_STANDARD

Environment Variables:
PATH=C:\ProgramData\Oracle\Java\javapath;C:\Program Files\Common Files\Microsoft Shared\Windows Live;C:\Program Files (x86)\Common Files\Microsoft Shared\Windows Live;C:\Windows\system32;C:\Windows;C:\Windows\System32\Wbem;C:\Windows\System32\WindowsPowerShell\v1.0\;C:\Program Files\Intel\WiFi\bin\;C:\Program Files\Common Files\Intel\WirelessCommon\;C:\Program Files (x86)\Windows Live\Shared;C:\Program Files (x86)\Common Files\Roxio Shared\DLLShared\;C:\Program Files (x86)\Common Files\Roxio Shared\OEM\DLLShared\;C:\Program Files (x86)\Common Files\Roxio Shared\OEM\DLLShared\;C:\Program Files (x86)\Common Files\Roxio Shared\OEM\12.0\DLLShared\;C:\Program Files (x86)\Roxio\OEM\AudioCore\;C:\Program Files (x86)\Microsoft SQL Server\90\Tools\binn\;C:\Program Files (x86)\Microsoft SQL Server\80\Tools\Binn\;C:\Program Files\Microsoft SQL Server\90\DTS\Binn\;C:\Program Files\Microsoft SQL Server\90\Tools\binn\;C:\Program Files (x86)\Microsoft ASP.NET\ASP.NET Web Pages\v1.0\;C:\Program Files (x86)\Microsoft SQL Server\110\Tools\Binn\;C:\Program Files\Microsoft SQL Server\110\Tools\Binn\;C:\Program Files (x86)\Microsoft SQL Server\100\Tools\Binn\VSShell\Common7\IDE\;C:\Program Files (x86)\Microsoft SQL Server\100\Tools\Binn\;C:\Program Files (x86)\Microsoft SQL Server\100\DTS\Binn\;C:\Program Files (x86)\Common Files\Acronis\SnapAPI\;C:\JniDev\DemoScan\build\classes
USERNAME=Mike
OS=Windows_NT
PROCESSOR_IDENTIFIER=Intel64 Family 6 Model 42 Stepping 7, GenuineIntel



---------------  S Y S T E M  ---------------

OS: Windows 7 , 64 bit Build 7601 Service Pack 1

CPU:total 8 (4 cores per cpu, 2 threads per core) family 6 model 42 stepping 7, cmov, cx8, fxsr, mmx, sse, sse2, sse3, ssse3, sse4.1, sse4.2, popcnt, avx, aes, clmul, ht, tsc, tscinvbit

Memory: 4k page, physical 8300720k(4303584k free), swap 16599584k(12382232k free)

vm_info: Java HotSpot(TM) Client VM (25.31-b07) for windows-x86 JRE (1.8.0_31-b13), built on Dec 17 2014 20:46:12 by "java_re" with MS VC++ 10.0 (VS2010)

time: Tue Mar 17 14:05:18 2015
elapsed time: 12 seconds (0d 0h 0m 12s)

