#
# A fatal error has been detected by the Java Runtime Environment:
#
#  EXCEPTION_ACCESS_VIOLATION (0xc0000005) at pc=0x05604426, pid=7648, tid=8504
#
# JRE version: Java(TM) SE Runtime Environment (8.0_31-b13) (build 1.8.0_31-b13)
# Java VM: Java HotSpot(TM) Client VM (25.31-b07 mixed mode windows-x86 )
# Problematic frame:
# C  [BUICAP32.dll+0xd4426]
#
# Failed to write core dump. Minidumps are not enabled by default on client versions of Windows
#
# If you would like to submit a bug report, please visit:
#   http://bugreport.java.com/bugreport/crash.jsp
# The crash happened outside the Java Virtual Machine in native code.
# See problematic frame for where to report the bug.
#

---------------  T H R E A D  ---------------

Current thread (0x00e0c800):  JavaThread "main" [_thread_in_native, id=8504, stack(0x00300000,0x00350000)]

siginfo: ExceptionCode=0xc0000005, writing address 0x06751000

Registers:
EAX=0x00000005, EBX=0x0034fbb4, ECX=0x00000150, EDX=0x00000000
ESP=0x0034e9cc, EBP=0x0034e9d4, ESI=0x0953b8e6, EDI=0x06751000
EIP=0x05604426, EFLAGS=0x00010212

Top of Stack: (sp=0x0034e9cc)
0x0034e9cc:   00b10013 00ff9bf8 0034ea34 0554ed24
0x0034e9dc:   067507e2 0953b0c8 00000d5e 0553626d
0x0034e9ec:   0034e9fc 0034eb8c 0553658e 0034e9fc
0x0034e9fc:   39353131 00000133 06650020 000fac80
0x0034ea0c:   09440448 09440020 00000260 00000d60
0x0034ea1c:   09440448 00000d5e 00000000 00000d5e
0x0034ea2c:   001fcc00 001007c2 0034eb7c 0553aab9
0x0034ea3c:   09440020 06650020 00000000 00000001 

Instructions: (pc=0x05604426)
0x05604406:   44 60 05 8d 49 00 23 d1 8a 06 88 07 8a 46 01 c1
0x05604416:   e9 02 88 47 01 83 c6 02 83 c7 02 83 f9 08 72 a6
0x05604426:   f3 a5 ff 24 95 b8 44 60 05 90 23 d1 8a 06 88 07
0x05604436:   46 c1 e9 02 47 83 f9 08 72 8c f3 a5 ff 24 95 b8 


Register to memory mapping:

EAX=0x00000005 is an unknown value
EBX=0x0034fbb4 is pointing into the stack for thread: 0x00e0c800
ECX=0x00000150 is an unknown value
EDX=0x00000000 is an unknown value
ESP=0x0034e9cc is pointing into the stack for thread: 0x00e0c800
EBP=0x0034e9d4 is pointing into the stack for thread: 0x00e0c800
ESI=0x0953b8e6 is an unknown value
EDI=0x06751000 is an unknown value


Stack: [0x00300000,0x00350000],  sp=0x0034e9cc,  free space=314k
Native frames: (J=compiled Java code, j=interpreted, Vv=VM code, C=native code)
C  [BUICAP32.dll+0xd4426]
C  [BUICAP32.dll+0x1ed24]
C  [BUICAP32.dll+0xaab9]
C  [BUICAP32.dll+0xd749]
C  [BUICAP32.dll+0x4df6]
C  [DCCScanner.dll+0x309b]
j  DccScan.DccScanApi.DccScanLong(Ljava/lang/String;[B[II)I+0
j  javascandemo1.JavaScanDemo1.RunBatScan2Memory()V+753
j  javascandemo1.JavaScanDemo1.main([Ljava/lang/String;)V+61
v  ~StubRoutines::call_stub
V  [jvm.dll+0x1473e5]
V  [jvm.dll+0x20d57e]
V  [jvm.dll+0x14747e]
V  [jvm.dll+0xd0c27]
V  [jvm.dll+0xd91cf]
C  [java.exe+0x20fd]
C  [java.exe+0xab91]
C  [java.exe+0xac1b]
C  [kernel32.dll+0x1338a]
C  [ntdll.dll+0x39f72]
C  [ntdll.dll+0x39f45]
C  0x00000000

Java frames: (J=compiled Java code, j=interpreted, Vv=VM code)
j  DccScan.DccScanApi.DccScanLong(Ljava/lang/String;[B[II)I+0
j  javascandemo1.JavaScanDemo1.RunBatScan2Memory()V+753
j  javascandemo1.JavaScanDemo1.main([Ljava/lang/String;)V+61
v  ~StubRoutines::call_stub

---------------  P R O C E S S  ---------------

Java Threads: ( => current thread )
  0x050db800 JavaThread "Service Thread" daemon [_thread_blocked, id=5564, stack(0x054e0000,0x05530000)]
  0x050bb400 JavaThread "C1 CompilerThread0" daemon [_thread_blocked, id=7744, stack(0x05490000,0x054e0000)]
  0x050ba000 JavaThread "Attach Listener" daemon [_thread_blocked, id=4364, stack(0x05380000,0x053d0000)]
  0x050b7000 JavaThread "Signal Dispatcher" daemon [_thread_blocked, id=8720, stack(0x05240000,0x05290000)]
  0x00fee400 JavaThread "Finalizer" daemon [_thread_blocked, id=5680, stack(0x04ee0000,0x04f30000)]
  0x00fe9400 JavaThread "Reference Handler" daemon [_thread_blocked, id=7500, stack(0x04e90000,0x04ee0000)]
=>0x00e0c800 JavaThread "main" [_thread_in_native, id=8504, stack(0x00300000,0x00350000)]

Other Threads:
  0x00fe4800 VMThread [stack: 0x012a0000,0x012f0000] [id=8248]
  0x050dc800 WatcherThread [stack: 0x05440000,0x05490000] [id=7660]

VM state:not at safepoint (normal execution)

VM Mutex/Monitor currently owned by a thread: None

Heap:
 def new generation   total 4928K, used 1566K [0x0f200000, 0x0f750000, 0x14750000)
  eden space 4416K,  25% used [0x0f200000, 0x0f3155c8, 0x0f650000)
  from space 512K,  89% used [0x0f6d0000, 0x0f742438, 0x0f750000)
  to   space 512K,   0% used [0x0f650000, 0x0f650000, 0x0f6d0000)
 tenured generation   total 10944K, used 3072K [0x14750000, 0x15200000, 0x1f200000)
   the space 10944K,  28% used [0x14750000, 0x14a50030, 0x14a50200, 0x15200000)
 Metaspace       used 1846K, capacity 2276K, committed 2368K, reserved 4480K

Card table byte_map: [0x00e10000,0x00ea0000] byte_map_base: 0x00d97000

Polling page: 0x00220000

CodeCache: size=32768Kb used=695Kb max_used=695Kb free=32072Kb
 bounds [0x02a10000, 0x02ac0000, 0x04a10000]
 total_blobs=166 nmethods=24 adapters=74
 compilation: enabled

Compilation events (10 events):
Event: 0.065 Thread 0x050bb400   20             java.io.WinNTFileSystem::isSlash (18 bytes)
Event: 0.065 Thread 0x050bb400 nmethod 20 0x02ab9a88 code [0x02ab9b80, 0x02ab9c30]
Event: 0.065 Thread 0x050bb400   21  s          java.lang.StringBuffer::append (13 bytes)
Event: 0.065 Thread 0x050bb400 nmethod 21 0x02ab9c88 code [0x02ab9d90, 0x02ab9fcc]
Event: 0.065 Thread 0x050bb400   22             java.io.WinNTFileSystem::normalize (231 bytes)
Event: 0.066 Thread 0x050bb400 nmethod 22 0x02aba148 code [0x02aba390, 0x02abb8cc]
Event: 0.074 Thread 0x050bb400   23             java.lang.Math::min (11 bytes)
Event: 0.074 Thread 0x050bb400 nmethod 23 0x02abd088 code [0x02abd180, 0x02abd1f0]
Event: 0.075 Thread 0x050bb400   24             java.io.WinNTFileSystem::normalize (143 bytes)
Event: 0.076 Thread 0x050bb400 nmethod 24 0x02abd8c8 code [0x02abda10, 0x02abdc7c]

GC Heap History (2 events):
Event: 6.824 GC heap before
{Heap before GC invocations=0 (full 0):
 def new generation   total 4928K, used 4043K [0x0f200000, 0x0f750000, 0x14750000)
  eden space 4416K,  91% used [0x0f200000, 0x0f5f2e80, 0x0f650000)
  from space 512K,   0% used [0x0f650000, 0x0f650000, 0x0f6d0000)
  to   space 512K,   0% used [0x0f6d0000, 0x0f6d0000, 0x0f750000)
 tenured generation   total 10944K, used 0K [0x14750000, 0x15200000, 0x1f200000)
   the space 10944K,   0% used [0x14750000, 0x14750000, 0x14750200, 0x15200000)
 Metaspace       used 1846K, capacity 2276K, committed 2368K, reserved 4480K
Event: 6.826 GC heap after
Heap after GC invocations=1 (full 0):
 def new generation   total 4928K, used 457K [0x0f200000, 0x0f750000, 0x14750000)
  eden space 4416K,   0% used [0x0f200000, 0x0f200000, 0x0f650000)
  from space 512K,  89% used [0x0f6d0000, 0x0f742438, 0x0f750000)
  to   space 512K,   0% used [0x0f650000, 0x0f650000, 0x0f6d0000)
 tenured generation   total 10944K, used 3072K [0x14750000, 0x15200000, 0x1f200000)
   the space 10944K,  28% used [0x14750000, 0x14a50030, 0x14a50200, 0x15200000)
 Metaspace       used 1846K, capacity 2276K, committed 2368K, reserved 4480K
}

Deoptimization events (0 events):
No events

Internal exceptions (4 events):
Event: 0.025 Thread 0x00e0c800 Exception <a 'java/lang/NoSuchMethodError': Method sun.misc.Unsafe.defineClass(Ljava/lang/String;[BII)Ljava/lang/Class; name or signature does not match> (0x0f20b368) thrown at [C:\re\workspace\8-2-build-windows-i586-cygwin\jdk8u31\2394\hotspot\src\share\v«û?ËÔ™?
Event: 0.025 Thread 0x00e0c800 Exception <a 'java/lang/NoSuchMethodError': Method sun.misc.Unsafe.prefetchRead(Ljava/lang/Object;J)V name or signature does not match> (0x0f20b5e8) thrown at [C:\re\workspace\8-2-build-windows-i586-cygwin\jdk8u31\2394\hotspot\src\share\vm\prims\jni.cpp, l»û®ö˜…°?
Event: 0.065 Thread 0x00e0c800 Exception <a 'java/security/PrivilegedActionException'> (0x0f2bbbe8) thrown at [C:\re\workspace\8-2-build-windows-i586-cygwin\jdk8u31\2394\hotspot\src\share\vm\prims\jvm.cpp, line 1312]
Event: 0.072 Thread 0x00e0c800 Exception <a 'java/security/PrivilegedActionException'> (0x0f2c8170) thrown at [C:\re\workspace\8-2-build-windows-i586-cygwin\jdk8u31\2394\hotspot\src\share\vm\prims\jvm.cpp, line 1312]

Events (10 events):
Event: 0.075 loading class java/lang/UnsatisfiedLinkError
Event: 0.075 loading class java/lang/UnsatisfiedLinkError done
Event: 0.075 loading class java/lang/ClassLoaderHelper
Event: 0.075 loading class java/lang/ClassLoaderHelper done
Event: 4.087 Executing VM operation: EnableBiasedLocking
Event: 4.087 Executing VM operation: EnableBiasedLocking done
Event: 6.822 loading class java/lang/StringCoding$StringEncoder
Event: 6.822 loading class java/lang/StringCoding$StringEncoder done
Event: 6.824 Executing VM operation: GenCollectForAllocation
Event: 6.826 Executing VM operation: GenCollectForAllocation done


Dynamic libraries:
0x01310000 - 0x01340000 	C:\Program Files (x86)\Java\jdk1.8.0_31\bin\java.exe
0x77290000 - 0x77410000 	C:\Windows\SysWOW64\ntdll.dll
0x76ca0000 - 0x76db0000 	C:\Windows\syswow64\kernel32.dll
0x75200000 - 0x75247000 	C:\Windows\syswow64\KERNELBASE.dll
0x756b0000 - 0x75750000 	C:\Windows\syswow64\ADVAPI32.dll
0x766d0000 - 0x7677c000 	C:\Windows\syswow64\msvcrt.dll
0x76e70000 - 0x76e89000 	C:\Windows\SysWOW64\sechost.dll
0x76b60000 - 0x76c50000 	C:\Windows\syswow64\RPCRT4.dll
0x74c20000 - 0x74c80000 	C:\Windows\syswow64\SspiCli.dll
0x74c10000 - 0x74c1c000 	C:\Windows\syswow64\CRYPTBASE.dll
0x75250000 - 0x75350000 	C:\Windows\syswow64\USER32.dll
0x74ff0000 - 0x75080000 	C:\Windows\syswow64\GDI32.dll
0x74dc0000 - 0x74dca000 	C:\Windows\syswow64\LPK.dll
0x76dd0000 - 0x76e6d000 	C:\Windows\syswow64\USP10.dll
0x71f40000 - 0x720de000 	C:\Windows\WinSxS\x86_microsoft.windows.common-controls_6595b64144ccf1df_6.0.7601.17514_none_41e6975e2bd6f2b2\COMCTL32.dll
0x76780000 - 0x767d7000 	C:\Windows\syswow64\SHLWAPI.dll
0x767e0000 - 0x76840000 	C:\Windows\system32\IMM32.DLL
0x74ce0000 - 0x74dac000 	C:\Windows\syswow64\MSCTF.dll
0x74aa0000 - 0x74ad5000 	C:\Windows\SysWOW64\nvinit.dll
0x0f000000 - 0x0f006000 	C:\Program Files (x86)\NVIDIA Corporation\CoProcManager\_etoured.dll
0x6e450000 - 0x6e499000 	C:\Program Files (x86)\NVIDIA Corporation\CoProcManager\nvd3d9wrap.dll
0x74e50000 - 0x74fed000 	C:\Windows\syswow64\SETUPAPI.dll
0x75350000 - 0x75377000 	C:\Windows\syswow64\CFGMGR32.dll
0x75380000 - 0x7540f000 	C:\Windows\syswow64\OLEAUT32.dll
0x75840000 - 0x7599c000 	C:\Windows\syswow64\ole32.dll
0x751d0000 - 0x751e2000 	C:\Windows\syswow64\DEVOBJ.dll
0x6e410000 - 0x6e449000 	C:\Program Files (x86)\NVIDIA Corporation\CoProcManager\nvdxgiwrap.dll
0x6a880000 - 0x6a93f000 	C:\Program Files (x86)\Java\jdk1.8.0_31\jre\bin\msvcr100.dll
0x64b20000 - 0x64ec4000 	C:\Program Files (x86)\Java\jdk1.8.0_31\jre\bin\client\jvm.dll
0x6c560000 - 0x6c567000 	C:\Windows\system32\WSOCK32.dll
0x74c90000 - 0x74cc5000 	C:\Windows\syswow64\WS2_32.dll
0x74c80000 - 0x74c86000 	C:\Windows\syswow64\NSI.dll
0x74980000 - 0x749b2000 	C:\Windows\system32\WINMM.dll
0x76c90000 - 0x76c95000 	C:\Windows\syswow64\PSAPI.DLL
0x744a0000 - 0x744ac000 	C:\Program Files (x86)\Java\jdk1.8.0_31\jre\bin\verify.dll
0x73dc0000 - 0x73de1000 	C:\Program Files (x86)\Java\jdk1.8.0_31\jre\bin\java.dll
0x74260000 - 0x74273000 	C:\Program Files (x86)\Java\jdk1.8.0_31\jre\bin\zip.dll
0x75a80000 - 0x766cb000 	C:\Windows\syswow64\SHELL32.dll
0x75a70000 - 0x75a7b000 	C:\Windows\syswow64\profapi.dll
0x5a000000 - 0x5a036000 	C:\JniDev\DemoScan\build\classes\DCCScanner.dll
0x05530000 - 0x056d2000 	C:\JniDev\DemoScan\build\classes\BUICAP32.dll
0x056e0000 - 0x05854000 	C:\JniDev\DemoScan\build\classes\Ts2Dll.dll
0x74b40000 - 0x74b49000 	C:\Windows\system32\VERSION.dll
0x74dd0000 - 0x74e4b000 	C:\Windows\syswow64\COMDLG32.dll
0x74ae0000 - 0x74b31000 	C:\Windows\system32\WINSPOOL.DRV
0x74950000 - 0x74975000 	C:\Windows\system32\PowrProf.dll
0x70b40000 - 0x70c35000 	C:\Windows\system32\PROPSYS.dll
0x708a0000 - 0x708ec000 	C:\Windows\system32\apphelp.dll
0x72190000 - 0x7227b000 	C:\Windows\system32\dbghelp.dll

VM Arguments:
jvm_args: -Dfile.encoding=UTF-8 
java_command: javascandemo1.JavaScanDemo1
java_class_path (initial): C:\Programming\Java\NetBeansProjects\JavaScanDemo1\lib\DccLibrary.jar;C:\Programming\Java\NetBeansProjects\JavaScanDemo1\build\classes
Launcher Type: SUN_STANDARD

Environment Variables:
PATH=C:\ProgramData\Oracle\Java\javapath;C:\Program Files\Common Files\Microsoft Shared\Windows Live;C:\Program Files (x86)\Common Files\Microsoft Shared\Windows Live;C:\Windows\system32;C:\Windows;C:\Windows\System32\Wbem;C:\Windows\System32\WindowsPowerShell\v1.0\;C:\Program Files\Intel\WiFi\bin\;C:\Program Files\Common Files\Intel\WirelessCommon\;C:\Program Files (x86)\Windows Live\Shared;C:\Program Files (x86)\Common Files\Roxio Shared\DLLShared\;C:\Program Files (x86)\Common Files\Roxio Shared\OEM\DLLShared\;C:\Program Files (x86)\Common Files\Roxio Shared\OEM\DLLShared\;C:\Program Files (x86)\Common Files\Roxio Shared\OEM\12.0\DLLShared\;C:\Program Files (x86)\Roxio\OEM\AudioCore\;C:\Program Files (x86)\Microsoft SQL Server\90\Tools\binn\;C:\Program Files (x86)\Microsoft SQL Server\80\Tools\Binn\;C:\Program Files\Microsoft SQL Server\90\DTS\Binn\;C:\Program Files\Microsoft SQL Server\90\Tools\binn\;C:\Program Files (x86)\Microsoft ASP.NET\ASP.NET Web Pages\v1.0\;C:\Program Files (x86)\Microsoft SQL Server\110\Tools\Binn\;C:\Program Files\Microsoft SQL Server\110\Tools\Binn\;C:\Program Files (x86)\Microsoft SQL Server\100\Tools\Binn\VSShell\Common7\IDE\;C:\Program Files (x86)\Microsoft SQL Server\100\Tools\Binn\;C:\Program Files (x86)\Microsoft SQL Server\100\DTS\Binn\;C:\Program Files (x86)\Common Files\Acronis\SnapAPI\;C:\JniDev\DemoScan\build\classes
USERNAME=Mike
OS=Windows_NT
PROCESSOR_IDENTIFIER=Intel64 Family 6 Model 42 Stepping 7, GenuineIntel



---------------  S Y S T E M  ---------------

OS: Windows 7 , 64 bit Build 7601 Service Pack 1

CPU:total 8 (4 cores per cpu, 2 threads per core) family 6 model 42 stepping 7, cmov, cx8, fxsr, mmx, sse, sse2, sse3, ssse3, sse4.1, sse4.2, popcnt, avx, aes, clmul, ht, tsc, tscinvbit

Memory: 4k page, physical 8300720k(4156308k free), swap 16599584k(12231884k free)

vm_info: Java HotSpot(TM) Client VM (25.31-b07) for windows-x86 JRE (1.8.0_31-b13), built on Dec 17 2014 20:46:12 by "java_re" with MS VC++ 10.0 (VS2010)

time: Tue Mar 17 13:15:57 2015
elapsed time: 12 seconds (0d 0h 0m 12s)

