***  Installation Started 12/09/2015 14:10  ***
Title: DCC API Ver 15.10 Installation
Source: F:\Cenpos\Documents\digital check\DCC_API_1510.exe | 12-09-2015 | 14:10:46 | 3044096
Made Dir: C:\DCC
Made Dir: C:\DCC\API_1510
File Copy: C:\DCC\API_1510\UNWISE.EXE | 11-21-2007 | 01:38:04 | 10.3.0.250 | 161344 | 9a3331d4
RegDB Key: Software\Microsoft\Windows\CurrentVersion\Uninstall\DCC API Ver 15.10
RegDB Val: DCC API Ver 15.10
RegDB Name: DisplayName
RegDB Root: 2
RegDB Key: Software\Microsoft\Windows\CurrentVersion\Uninstall\DCC API Ver 15.10
RegDB Val: C:\DCC\API_1510\UNWISE.EXE C:\DCC\API_1510\INSTALL.LOG
RegDB Name: UninstallString
RegDB Root: 2
File Copy: C:\DCC\API_1510\License3.txt | 10-30-2015 | 08:56:06 | | 5939 | 8aea054d
File Copy: C:\DCC\API_1510\PKGLIST.TXT | 10-30-2015 | 10:01:36 | | 521 | 23c494ed
File Copy: C:\DCC\API_1510\License2.txt | 10-30-2015 | 09:01:10 | | 26934 | 9351148a
File Copy: C:\DCC\API_1510\License1.txt | 10-28-2015 | 10:27:48 | | 3649 | 32642bf8
File Copy: C:\DCC\API_1510\Ts5Dll.dll | 10-20-2015 | 13:43:48 | 2015.10.16.0 | 275456 | 124617e2
File Copy: C:\DCC\API_1510\ERRORS.ini | 10-04-2011 | 16:05:14 | | 4760 | 7cd51007
File Copy: C:\DCC\API_1510\dccdisplay.dll | 10-20-2015 | 13:53:30 | 1300.0.0.1 | 335872 | c88dd93f
File Copy: C:\DCC\API_1510\buicap32.lib | 05-28-2015 | 17:18:16 | | 41096 | 6b02db75
File Copy: C:\DCC\API_1510\buicap32.dll | 10-20-2015 | 13:53:30 | 15.10.0.136 | 1372160 | 9129ab1a
File Copy: C:\DCC\API_1510\BUICSCAN.INI | 10-23-2015 | 11:18:20 | | 31239 | 71072531
File Copy: C:\DCC\API_1510\dccfirmware.bin | 10-20-2015 | 13:43:48 | | 3144019 | 48edf809
File Copy: C:\DCC\API_1510\Ts2Dll.dll | 10-20-2015 | 13:43:46 | 4.8.8.5 | 1222656 | 88f6d36
File Copy: C:\DCC\API_1510\dccimage.dll | 10-20-2015 | 13:54:10 | 155.0.0.1 | 303104 | 25eb08d8
File Copy: C:\DCC\API_1510\BUICAPI.H | 05-01-2015 | 15:37:22 | | 171140 | 7428a1a6
File Copy: C:\DCC\API_1510\TS220Firmware.bin | 02-06-2006 | 11:29:40 | | 95145 | a9a51ef1
File Copy: C:\DCC\API_1510\ScanBatch.ICO | 07-17-2013 | 16:20:32 | | 766 | 9a3f8d5a
Delete in-use files: On
RegDB Key: Software\Microsoft\Windows\CurrentVersion\Uninstall\DCC API Ver 15.10
RegDB Val: 15.10
RegDB Name: DisplayVersion
RegDB Root: 2
RegDB Key: Software\Microsoft\Windows\CurrentVersion\Uninstall\DCC API Ver 15.10
RegDB Val: 215 906 1733
RegDB Name: HelpTelephone
RegDB Root: 2
RegDB Key: Software\Microsoft\Windows\CurrentVersion\Uninstall\DCC API Ver 15.10
RegDB Val: Digital Check Corp
RegDB Name: Publisher
RegDB Root: 2
RegDB Key: Software\Microsoft\Windows\CurrentVersion\Uninstall\DCC API Ver 15.10
RegDB Val: digitalcheck.com
RegDB Name: URLInfoAbout
RegDB Root: 2
RegDB Key: Software\Microsoft\Windows\CurrentVersion\Uninstall\DCC API Ver 15.10
RegDB Val: Mike Stoehr
RegDB Name: Contact
RegDB Root: 2
RegDB Key: Software\Microsoft\Windows\CurrentVersion\Uninstall\DCC API Ver 15.10
RegDB Val: DCC API support files
RegDB Name: Comments
RegDB Root: 2
RegDB Key: Software\Microsoft\Windows\CurrentVersion\Uninstall\DCC API Ver 15.10
RegDB Val: C:\DCC\API_1510\ScanBatch.ICO,-0
RegDB Name: DisplayIcon
RegDB Root: 2
***  Installation Started 12/14/2015 8:58  ***
Title: DCC API Ver 15.10 Installation
Source: C:\Users\CARLOS~1\AppData\Local\Temp\Rar$EXa0.762\DCC_API_1510.exe | 12-14-2015 | 08:58:32 | 3044096
